e:\project\videoscreenrecorder\src\screenrecord\release\main.obj
e:\project\videoscreenrecorder\src\screenrecord\release\moc_screenrecord.obj
e:\project\videoscreenrecorder\src\screenrecord\release\screenrecord.obj
e:\project\videoscreenrecorder\src\screenrecord\release\qrc_screenrecord.obj
e:\project\videoscreenrecorder\src\screenrecord\release\capturethread.obj
e:\project\videoscreenrecorder\src\screenrecord\.\generatedfiles\release\moc_screenrecord.cpp
e:\project\videoscreenrecorder\src\screenrecord\.\generatedfiles\qrc_screenrecord.cpp
e:\project\videoscreenrecorder\src\screenrecord\generatedfiles\ui_screenrecord.h
e:\project\videoscreenrecorder\src\screenrecord\generatedfiles\qrc_screenrecord.cpp
e:\project\videoscreenrecorder\src\screenrecord\generatedfiles\release\moc_screenrecord.cpp
e:\project\videoscreenrecorder\src\screenrecord\.\generatedfiles\ui_screenrecord.h
e:\project\videoscreenrecorder\src\screenrecord\release\screenrecord.tlog\cl.10568.write.1.tlog
e:\project\videoscreenrecorder\src\screenrecord\release\screenrecord.tlog\cl.command.1.tlog
e:\project\videoscreenrecorder\src\screenrecord\release\screenrecord.tlog\cl.read.1.tlog
e:\project\videoscreenrecorder\src\screenrecord\release\screenrecord.tlog\link-cvtres.read.1.tlog
e:\project\videoscreenrecorder\src\screenrecord\release\screenrecord.tlog\link-cvtres.write.1.tlog
e:\project\videoscreenrecorder\src\screenrecord\release\screenrecord.tlog\link-rc.read.1.tlog
e:\project\videoscreenrecorder\src\screenrecord\release\screenrecord.tlog\link-rc.write.1.tlog
e:\project\videoscreenrecorder\src\screenrecord\release\screenrecord.tlog\link.command.1.tlog
e:\project\videoscreenrecorder\src\screenrecord\release\screenrecord.tlog\link.read.1.tlog
e:\project\videoscreenrecorder\src\screenrecord\release\screenrecord.tlog\link.write.1.tlog
e:\project\videoscreenrecorder\src\screenrecord\release\screenrecord.tlog\moc.read.1u.tlog
e:\project\videoscreenrecorder\src\screenrecord\release\screenrecord.tlog\moc.write.1u.tlog
e:\project\videoscreenrecorder\src\screenrecord\release\screenrecord.tlog\rcc.read.1u.tlog
e:\project\videoscreenrecorder\src\screenrecord\release\screenrecord.tlog\rcc.write.1u.tlog
e:\project\videoscreenrecorder\src\screenrecord\release\screenrecord.tlog\screenrecord.write.1u.tlog
e:\project\videoscreenrecorder\src\screenrecord\release\screenrecord.tlog\uic.read.1u.tlog
e:\project\videoscreenrecorder\src\screenrecord\release\screenrecord.tlog\uic.write.1u.tlog
