e:\project\videoscreenrecorder\lessoncode\qtscreen\debug\main.obj
e:\project\videoscreenrecorder\lessoncode\qtscreen\debug\moc_qtscreen.obj
e:\project\videoscreenrecorder\lessoncode\qtscreen\debug\qtscreen.obj
e:\project\videoscreenrecorder\lessoncode\qtscreen\debug\qrc_qtscreen.obj
e:\project\videoscreenrecorder\lessoncode\qtscreen\debug\vc141.pdb
e:\project\videoscreenrecorder\lessoncode\test_bin\win32\qtscreen.ilk
e:\project\videoscreenrecorder\lessoncode\test_bin\win32\qtscreen.exe
e:\project\videoscreenrecorder\lessoncode\test_bin\win32\qtscreen.pdb
e:\project\videoscreenrecorder\lessoncode\qtscreen\.\generatedfiles\debug\moc_qtscreen.cpp
e:\project\videoscreenrecorder\lessoncode\qtscreen\generatedfiles\ui_qtscreen.h
e:\project\videoscreenrecorder\lessoncode\qtscreen\generatedfiles\qrc_qtscreen.cpp
e:\project\videoscreenrecorder\lessoncode\qtscreen\generatedfiles\debug\moc_qtscreen.cpp
e:\project\videoscreenrecorder\lessoncode\qtscreen\.\generatedfiles\qrc_qtscreen.cpp
e:\project\videoscreenrecorder\lessoncode\qtscreen\.\generatedfiles\ui_qtscreen.h
e:\project\videoscreenrecorder\lessoncode\qtscreen\..\test_bin\win32\qtscreen.exe
e:\project\videoscreenrecorder\lessoncode\qtscreen\debug\qtscreen.tlog\cl.12880.write.1.tlog
e:\project\videoscreenrecorder\lessoncode\qtscreen\debug\qtscreen.tlog\cl.command.1.tlog
e:\project\videoscreenrecorder\lessoncode\qtscreen\debug\qtscreen.tlog\cl.read.1.tlog
e:\project\videoscreenrecorder\lessoncode\qtscreen\debug\qtscreen.tlog\link.command.1.tlog
e:\project\videoscreenrecorder\lessoncode\qtscreen\debug\qtscreen.tlog\link.read.1.tlog
e:\project\videoscreenrecorder\lessoncode\qtscreen\debug\qtscreen.tlog\link.write.1.tlog
e:\project\videoscreenrecorder\lessoncode\qtscreen\debug\qtscreen.tlog\moc.read.1u.tlog
e:\project\videoscreenrecorder\lessoncode\qtscreen\debug\qtscreen.tlog\moc.write.1u.tlog
e:\project\videoscreenrecorder\lessoncode\qtscreen\debug\qtscreen.tlog\qtscreen.write.1u.tlog
e:\project\videoscreenrecorder\lessoncode\qtscreen\debug\qtscreen.tlog\rcc.read.1u.tlog
e:\project\videoscreenrecorder\lessoncode\qtscreen\debug\qtscreen.tlog\rcc.write.1u.tlog
e:\project\videoscreenrecorder\lessoncode\qtscreen\debug\qtscreen.tlog\uic.read.1u.tlog
e:\project\videoscreenrecorder\lessoncode\qtscreen\debug\qtscreen.tlog\uic.write.1u.tlog
