e:\project\videoscreenrecorder\src\screenrecord\debug\vc141.pdb
e:\project\videoscreenrecorder\src\screenrecord\debug\main.obj
e:\project\videoscreenrecorder\src\screenrecord\debug\screenrecord.obj
e:\project\videoscreenrecorder\src\screenrecord\debug\capturethread.obj
e:\project\videoscreenrecorder\src\screenrecord\debug\qrc_screenrecord.obj
e:\project\videoscreenrecorder\src\screenrecord\debug\moc_screenrecord.obj
e:\project\videoscreenrecorder\src\screenrecord\.\generatedfiles\debug\moc_screenrecord.cpp
e:\project\videoscreenrecorder\src\screenrecord\.\generatedfiles\qrc_screenrecord.cpp
e:\project\videoscreenrecorder\src\screenrecord\generatedfiles\ui_screenrecord.h
e:\project\videoscreenrecorder\src\screenrecord\generatedfiles\qrc_screenrecord.cpp
e:\project\videoscreenrecorder\src\screenrecord\generatedfiles\debug\moc_screenrecord.cpp
e:\project\videoscreenrecorder\src\screenrecord\.\generatedfiles\ui_screenrecord.h
e:\project\videoscreenrecorder\src\screenrecord\debug\screenrecord.tlog\cl.command.1.tlog
e:\project\videoscreenrecorder\src\screenrecord\debug\screenrecord.tlog\cl.read.1.tlog
e:\project\videoscreenrecorder\src\screenrecord\debug\screenrecord.tlog\cl.write.1.tlog
e:\project\videoscreenrecorder\src\screenrecord\debug\screenrecord.tlog\link-cvtres.read.1.tlog
e:\project\videoscreenrecorder\src\screenrecord\debug\screenrecord.tlog\link-cvtres.write.1.tlog
e:\project\videoscreenrecorder\src\screenrecord\debug\screenrecord.tlog\link-rc.read.1.tlog
e:\project\videoscreenrecorder\src\screenrecord\debug\screenrecord.tlog\link-rc.write.1.tlog
e:\project\videoscreenrecorder\src\screenrecord\debug\screenrecord.tlog\link.command.1.tlog
e:\project\videoscreenrecorder\src\screenrecord\debug\screenrecord.tlog\link.read.1.tlog
e:\project\videoscreenrecorder\src\screenrecord\debug\screenrecord.tlog\link.write.1.tlog
e:\project\videoscreenrecorder\src\screenrecord\debug\screenrecord.tlog\moc.read.1u.tlog
e:\project\videoscreenrecorder\src\screenrecord\debug\screenrecord.tlog\moc.write.1u.tlog
e:\project\videoscreenrecorder\src\screenrecord\debug\screenrecord.tlog\rcc.read.1u.tlog
e:\project\videoscreenrecorder\src\screenrecord\debug\screenrecord.tlog\rcc.write.1u.tlog
e:\project\videoscreenrecorder\src\screenrecord\debug\screenrecord.tlog\screenrecord.write.1u.tlog
e:\project\videoscreenrecorder\src\screenrecord\debug\screenrecord.tlog\uic.read.1u.tlog
e:\project\videoscreenrecorder\src\screenrecord\debug\screenrecord.tlog\uic.write.1u.tlog
